TN:
SF:routes.js
FN:19,getScannerPath
FN:106,(anonymous_1)
FN:124,(anonymous_2)
FN:207,(anonymous_3)
FNF:4
FNH:4
FNDA:34,getScannerPath
FNDA:37,(anonymous_1)
FNDA:34,(anonymous_2)
FNDA:3,(anonymous_3)
DA:7,3
DA:8,3
DA:9,3
DA:10,3
DA:11,3
DA:13,3
DA:14,3
DA:20,34
DA:22,34
DA:24,0
DA:29,0
DA:32,34
DA:106,3
DA:108,37
DA:109,3
DA:115,34
DA:116,34
DA:122,34
DA:124,34
DA:126,34
DA:127,34
DA:129,3
DA:132,34
DA:134,14
DA:136,6
DA:137,6
DA:143,8
DA:150,20
DA:151,20
DA:207,3
DA:208,3
DA:223,3
LF:32
LH:30
BRDA:22,0,0,0
BRDA:22,0,1,34
BRDA:108,1,0,3
BRDA:108,1,1,34
BRDA:132,2,0,14
BRDA:132,2,1,20
BRDA:134,3,0,6
BRDA:134,3,1,8
BRDA:139,4,0,6
BRDA:139,4,1,0
BRDA:145,5,0,8
BRDA:145,5,1,0
BRDA:153,6,0,20
BRDA:153,6,1,20
BRF:14
BRH:11
end_of_record
TN:
SF:server.js
FN:29,(anonymous_0)
FNF:1
FNH:0
FNDA:0,(anonymous_0)
DA:11,0
DA:12,0
DA:13,0
DA:14,0
DA:16,0
DA:19,0
DA:22,0
DA:29,0
DA:30,0
DA:31,0
LF:10
LH:0
BRF:0
BRH:0
end_of_record
TN:
SF:config/swagger.js
FNF:0
FNH:0
DA:7,11
DA:12,11
DA:72,11
DA:74,11
LF:4
LH:4
BRF:0
BRH:0
end_of_record
TN:
SF:tests/setup.js
FN:9,(anonymous_0)
FN:16,(anonymous_1)
FN:23,(anonymous_2)
FN:28,(anonymous_3)
FN:29,(anonymous_4)
FN:47,(anonymous_5)
FN:66,(anonymous_6)
FN:70,(anonymous_7)
FN:74,(anonymous_8)
FN:85,(anonymous_9)
FN:88,(anonymous_10)
FNF:11
FNH:10
FNDA:2,(anonymous_0)
FNDA:2,(anonymous_1)
FNDA:2,(anonymous_2)
FNDA:2,(anonymous_3)
FNDA:37,(anonymous_4)
FNDA:2,(anonymous_5)
FNDA:1,(anonymous_6)
FNDA:29,(anonymous_7)
FNDA:29,(anonymous_8)
FNDA:0,(anonymous_9)
FNDA:1,(anonymous_10)
DA:8,2
DA:9,2
DA:14,2
DA:15,2
DA:16,2
DA:22,2
DA:23,2
DA:28,2
DA:29,2
DA:31,37
DA:32,37
DA:35,37
DA:36,34
DA:43,37
DA:47,2
DA:50,2
DA:51,2
DA:66,2
DA:69,2
DA:70,2
DA:71,29
DA:74,2
DA:75,29
DA:79,2
DA:80,2
DA:81,2
DA:85,2
DA:86,0
DA:88,2
DA:91,2
LF:30
LH:29
BRDA:32,0,0,37
BRDA:32,0,1,35
BRDA:35,1,0,34
BRDA:35,1,1,3
BRDA:35,2,0,37
BRDA:35,2,1,37
BRDA:35,2,2,37
BRF:7
BRH:7
end_of_record
